<?xml version="1.0" encoding="UTF-8"?>
<!-- Generated by org.testng.reporters.JUnitReportReporter -->
<testsuite name="com.FreeCRM.LogOut" tests="1" time="0.002" ignored="0" failures="0" timestamp="27 Oct 2018 13:38:28 GMT" skipped="0" hostname="ASI-1" errors="0">
  <testcase name="Search" time="0.002" classname="com.FreeCRM.LogOut"/>
</testsuite> <!-- com.FreeCRM.LogOut -->
