<?xml version="1.0" encoding="UTF-8"?>
<!-- Generated by org.testng.reporters.JUnitReportReporter -->
<testsuite name="AccountTest" tests="2" time="13.080" ignored="0" failures="0" timestamp="14 Oct 2018 23:11:48 GMT" skipped="0" hostname="ASI-1" errors="0">
  <testcase name="Logout" time="2.170" classname="AccountTest"/>
  <testcase name="Login" time="10.910" classname="AccountTest"/>
</testsuite> <!-- AccountTest -->
