<?xml version="1.0" encoding="UTF-8"?>
<!-- Generated by org.testng.reporters.JUnitReportReporter -->
<testsuite name="com.FreeCRM.AccountTest" tests="2" time="16.201" ignored="0" failures="0" timestamp="27 Oct 2018 13:38:28 GMT" skipped="0" hostname="ASI-1" errors="0">
  <testcase name="Logout" time="0.191" classname="com.FreeCRM.AccountTest"/>
  <testcase name="Login" time="16.010" classname="com.FreeCRM.AccountTest"/>
</testsuite> <!-- com.FreeCRM.AccountTest -->
